#
# There is insufficient memory for the Java Runtime Environment to continue.
# Native memory allocation (malloc) failed to allocate 1048576 bytes for AllocateHeap
# Possible reasons:
#   The system is out of physical RAM or swap space
#   In 32 bit mode, the process size limit was hit
# Possible solutions:
#   Reduce memory load on the system
#   Increase physical memory or swap space
#   Check if swap backing store is full
#   Use 64 bit Java on a 64 bit OS
#   Decrease Java heap size (-Xmx/-Xms)
#   Decrease number of Java threads
#   Decrease Java thread stack sizes (-Xss)
#   Set larger code cache with -XX:ReservedCodeCacheSize=
# This output file may be truncated or incomplete.
#
#  Out of Memory Error (memory/allocation.inline.hpp:61), pid=9152, tid=7708
#
# JRE version:  (7.0_75-b13) (build )
# Java VM: Java HotSpot(TM) 64-Bit Server VM (24.75-b04 mixed mode windows-amd64 compressed oops)
# Failed to write core dump. Minidumps are not enabled by default on client versions of Windows
#

---------------  T H R E A D  ---------------

Current thread (0x0000000002c10800):  JavaThread "Unknown thread" [_thread_in_vm, id=7708, stack(0x0000000002ae0000,0x0000000002be0000)]

Stack: [0x0000000002ae0000,0x0000000002be0000]

---------------  P R O C E S S  ---------------

Java Threads: ( => current thread )

Other Threads:

=>0x0000000002c10800 (exited) JavaThread "Unknown thread" [_thread_in_vm, id=7708, stack(0x0000000002ae0000,0x0000000002be0000)]

VM state:not at safepoint (normal execution)

VM Mutex/Monitor currently owned by a thread: None

Heap
 PSYoungGen      total 57344K, used 983K [0x00000000eaa80000, 0x00000000eea80000, 0x0000000100000000)
  eden space 49152K, 2% used [0x00000000eaa80000,0x00000000eab75c80,0x00000000eda80000)
  from space 8192K, 0% used [0x00000000ee280000,0x00000000ee280000,0x00000000eea80000)
  to   space 8192K, 0% used [0x00000000eda80000,0x00000000eda80000,0x00000000ee280000)
 ParOldGen       total 130560K, used 0K [0x00000000c0000000, 0x00000000c7f80000, 0x00000000eaa80000)
  object space 130560K, 0% used [0x00000000c0000000,0x00000000c0000000,0x00000000c7f80000)
 PSPermGen       total 21504K, used 697K [0x00000000bae00000, 0x00000000bc300000, 0x00000000c0000000)
  object space 21504K, 3% used [0x00000000bae00000,0x00000000baeae580,0x00000000bc300000)

Card table byte_map: [0x0000000005dd0000,0x0000000006000000] byte_map_base: 0x00000000057f9000

Polling page: 0x00000000012e0000

Code Cache  [0x0000000002d10000, 0x0000000002f80000, 0x0000000005d10000)
 total_blobs=37 nmethods=0 adapters=20 free_code_cache=48890Kb largest_free_block=50063104

Compilation events (0 events):
No events

GC Heap History (0 events):
No events

Deoptimization events (0 events):
No events

Internal exceptions (0 events):
No events

Events (10 events):
Event: 0.025 loading class 0x0000000002c5fcb0
Event: 0.025 loading class 0x0000000002c5fcb0 done
Event: 0.025 loading class 0x0000000002c5fd00
Event: 0.026 loading class 0x0000000002c5fd00 done
Event: 0.026 loading class 0x0000000002c5fd50
Event: 0.026 loading class 0x0000000002c5fd50 done
Event: 0.026 loading class 0x0000000002c60ad0
Event: 0.026 loading class 0x0000000002c60ad0 done
Event: 0.026 loading class 0x0000000002c606f0
Event: 0.027 loading class 0x0000000002c606f0 done


Dynamic libraries:
0x000007f744aa0000 - 0x000007f744ad3000 	C:\Program Files\Java\jdk1.7.0_75\bin\java.exe
0x000007fec33a0000 - 0x000007fec355d000 	C:\Windows\SYSTEM32\ntdll.dll
0x000007fec2300000 - 0x000007fec2437000 	C:\Windows\system32\KERNEL32.DLL
0x000007fec0360000 - 0x000007fec0454000 	C:\Windows\system32\KERNELBASE.dll
0x000007fec3030000 - 0x000007fec310e000 	C:\Windows\system32\ADVAPI32.dll
0x000007fec2850000 - 0x000007fec299c000 	C:\Windows\system32\USER32.dll
0x000007febc540000 - 0x000007febc7aa000 	C:\Windows\WinSxS\amd64_microsoft.windows.common-controls_6595b64144ccf1df_6.0.9200.17359_none_4188b989718cf1c6\COMCTL32.dll
0x000007fec0a30000 - 0x000007fec0ad5000 	C:\Windows\system32\msvcrt.dll
0x000007fec0890000 - 0x000007fec08d8000 	C:\Windows\SYSTEM32\sechost.dll
0x000007fec08e0000 - 0x000007fec0a25000 	C:\Windows\system32\RPCRT4.dll
0x000007fec1e20000 - 0x000007fec1f61000 	C:\Windows\system32\GDI32.dll
0x000007fec0770000 - 0x000007fec07a9000 	C:\Windows\system32\IMM32.DLL
0x000007fec21e0000 - 0x000007fec22f5000 	C:\Windows\system32\MSCTF.dll
0x000000006f010000 - 0x000000006f0e2000 	C:\Program Files\Java\jdk1.7.0_75\jre\bin\msvcr100.dll
0x000000006e760000 - 0x000000006ef34000 	C:\Program Files\Java\jdk1.7.0_75\jre\bin\server\jvm.dll
0x000007febb4d0000 - 0x000007febb4d9000 	C:\Windows\SYSTEM32\WSOCK32.dll
0x000007feb8a10000 - 0x000007feb8a30000 	C:\Windows\SYSTEM32\WINMM.dll
0x000007fec25c0000 - 0x000007fec25c7000 	C:\Windows\system32\PSAPI.DLL
0x000007fec2b10000 - 0x000007fec2b68000 	C:\Windows\system32\WS2_32.dll
0x000007feb89d0000 - 0x000007feb8a03000 	C:\Windows\SYSTEM32\WINMMBASE.dll
0x000007fec3360000 - 0x000007fec3369000 	C:\Windows\system32\NSI.dll
0x000007fec06f0000 - 0x000007fec073f000 	C:\Windows\SYSTEM32\cfgmgr32.dll
0x000007fec0740000 - 0x000007fec0762000 	C:\Windows\system32\DEVOBJ.dll
0x0000000070b80000 - 0x0000000070b8f000 	C:\Program Files\Java\jdk1.7.0_75\jre\bin\verify.dll
0x0000000070b50000 - 0x0000000070b78000 	C:\Program Files\Java\jdk1.7.0_75\jre\bin\java.dll
0x000000006eff0000 - 0x000000006f005000 	C:\Program Files\Java\jdk1.7.0_75\jre\bin\zip.dll

VM Arguments:
jvm_args: -Xmx1024M -Dfile.encoding=windows-1256 -Duser.country=US -Duser.language=en -Duser.variant 
java_command: com.android.dx.command.Main --dex --num-threads=4 --output E:\AndroidStudioProjects\Saudi\app\build\intermediates\pre-dexed\debug\support-annotations-23.0.1-9a00326046d1a82aa116e6c6e19fb308b6cb814f.jar C:\Program Files\adt-bundle-windows-x86_64-2013103_0\sdk\extras\android\m2repository\com\android\support\support-annotations\23.0.1\support-annotations-23.0.1.jar
Launcher Type: SUN_STANDARD

Environment Variables:
JAVA_HOME=C:\Program Files\Java\jdk1.8.0_25
PATH=C:\Program Files (x86)\NVIDIA Corporation\PhysX\Common;C:\ProgramData\Oracle\Java\javapath;C:\Windows\system32;C:\Windows;C:\Windows\System32\Wbem;C:\Windows\System32\WindowsPowerShell\v1.0\;C:\cygwin64
USERNAME=Raafat
OS=Windows_NT
PROCESSOR_IDENTIFIER=Intel64 Family 6 Model 26 Stepping 4, GenuineIntel



---------------  S Y S T E M  ---------------

OS: Windows 8 , 64 bit Build 9200 

CPU:total 8 (4 cores per cpu, 2 threads per core) family 6 model 26 stepping 4, cmov, cx8, fxsr, mmx, sse, sse2, sse3, ssse3, sse4.1, sse4.2, popcnt, ht, tsc, tscinvbit, tscinv

Memory: 4k page, physical 12573808k(4796432k free), swap 14343280k(5924k free)

vm_info: Java HotSpot(TM) 64-Bit Server VM (24.75-b04) for windows-amd64 JRE (1.7.0_75-b13), built on Dec 18 2014 17:15:01 by "java_re" with unknown MS VC++:1600

time: Thu Dec 10 02:57:41 2015
elapsed time: 1 seconds

